<?xml version="1.0" encoding="UTF-8" standalone="yes" ?>
<test-results name="C:\Users\ftath\source\Delphi\Rio\Vigilante\Teste\Win32\Debug\VigilanteTeste.exe" total="12" errors="0" failures="1" ignored="0" inconclusive="0" not-run="0" skipped="0" invalid="0" date="2019-05-18" time="0.004">
  <culture-info current-culture="en" current-uiculture="en" />
  <test-suite type="Assembly" name="VigilanteTeste.exe" executed="true" result="Failure" success="False" time="0.004" asserts="0">
    <results>
        <test-suite type="Namespace" name="Teste" executed="true" result="Failure" success="False" time="0.011" asserts="0" >
          <results>
              <test-suite type="Fixture" name="TChangeSetAdapterJSONTest" executed="True" result="Failure" success="False" time="0.003" >
                <results>
                  <test-case name="CarregouApenasUmChangeSet" executed="True" result="Failure" success="False" time="0.000" asserts="0" >
                    <failure>
                      <message>
                        <![CDATA[ Expected Descrição do commit is not equal to actual 173569: 1.8.29 - 295739/106 - Fluxo de trabalho - Atividade processos dependentes; - Mesclagem de 'Ajustei para que o o treeview faça a oprção de ir para a primeira posição, recarregar as atividades'  ]]>
                      </message>
                      <stack-trace>
                        <![CDATA[  ]]>
                      </stack-trace>
                    </failure>
                  </test-case>
                </results>
              </test-suite>
              <test-suite type="Fixture" name="TURLTest" executed="True" result="Success" success="True" time="0.003" >
                <results>
                  <test-case name="TestarURLRetiraCaracteresEspeciais" executed="True" result="Success" success="True" time="0.000" asserts="0" />
                </results>
              </test-suite>
              <test-suite type="Namespace" name="Build" executed="true" result="Success" success="True" time="0.004" asserts="0" >
                <results>
                    <test-suite type="Fixture" name="TBuildMapperJSONTest" executed="True" result="Success" success="True" time="0.003" >
                      <results>
                        <test-case name="MapeouNumero" executed="True" result="Success" success="True" time="0.000" asserts="0" />
                        <test-case name="MapeouNome" executed="True" result="Success" success="True" time="0.000" asserts="0" />
                        <test-case name="MapeouSituacaoSucesso" executed="True" result="Success" success="True" time="0.000" asserts="0" />
                        <test-case name="MapeouSituacaoFalha" executed="True" result="Success" success="True" time="0.000" asserts="0" />
                        <test-case name="MapeouURL" executed="True" result="Success" success="True" time="0.000" asserts="0" />
                      </results>
                    </test-suite>
                    <test-suite type="Fixture" name="TBuildBuilderTest" executed="True" result="Success" success="True" time="0.001" >
                      <results>
                        <test-case name="ImportaComSucesso" executed="True" result="Success" success="True" time="0.000" asserts="0" />
                      </results>
                    </test-suite>
                </results>
              </test-suite>
              <test-suite type="Fixture" name="TChangeSetItemAdapterJSONTest" executed="True" result="Success" success="True" time="0.001" >
                <results>
                  <test-case name="CarregouAutor" executed="True" result="Success" success="True" time="0.000" asserts="0" />
                  <test-case name="CarregouDescricao" executed="True" result="Success" success="True" time="0.000" asserts="0" />
                  <test-case name="CarregouUmArquivo" executed="True" result="Success" success="True" time="0.000" asserts="0" />
                  <test-case name="CarregouDoisArquivos" executed="True" result="Success" success="True" time="0.000" asserts="0" />
                </results>
              </test-suite>
          </results>
        </test-suite>
    </results>
  </test-suite>
</test-results>
